[    1109ms] [ERROR] Failed to load resource: the server responded with a status of 404 (Not Found) @ http://localhost:3000/favicon.ico:0
[    1478ms] [ERROR] Failed to load resource: the server responded with a status of 404 (Not Found) @ http://localhost:3000/images/trainer-1.jpg:0
[    1480ms] [ERROR] Failed to load resource: the server responded with a status of 404 (Not Found) @ http://localhost:3000/images/trainer-2.jpg:0
[    1489ms] [ERROR] Failed to load resource: the server responded with a status of 404 (Not Found) @ http://localhost:3000/images/trainer-3.jpg:0
[   10405ms] [ERROR] WebSocket connection to 'ws://localhost:3000/_next/webpack-hmr?id=EGUwPL1JAa9VyN72I2rP-' failed:  @ http://localhost:3000/_next/static/chunks/node_modules_next_dist_client_17643121._.js:10878
[   11408ms] [ERROR] WebSocket connection to 'ws://localhost:3000/_next/webpack-hmr?id=EGUwPL1JAa9VyN72I2rP-' failed: Error in connection establishment: net::ERR_CONNECTION_REFUSED @ http://localhost:3000/_next/static/chunks/node_modules_next_dist_client_17643121._.js:10878
[   12410ms] [ERROR] WebSocket connection to 'ws://localhost:3000/_next/webpack-hmr?id=EGUwPL1JAa9VyN72I2rP-' failed: Error in connection establishment: net::ERR_CONNECTION_REFUSED @ http://localhost:3000/_next/static/chunks/node_modules_next_dist_client_17643121._.js:10878
[   13411ms] [ERROR] WebSocket connection to 'ws://localhost:3000/_next/webpack-hmr?id=EGUwPL1JAa9VyN72I2rP-' failed: Error in connection establishment: net::ERR_CONNECTION_REFUSED @ http://localhost:3000/_next/static/chunks/node_modules_next_dist_client_17643121._.js:10878
[   14414ms] [ERROR] WebSocket connection to 'ws://localhost:3000/_next/webpack-hmr?id=EGUwPL1JAa9VyN72I2rP-' failed: Error in connection establishment: net::ERR_CONNECTION_REFUSED @ http://localhost:3000/_next/static/chunks/node_modules_next_dist_client_17643121._.js:10878
[   15417ms] [ERROR] WebSocket connection to 'ws://localhost:3000/_next/webpack-hmr?id=EGUwPL1JAa9VyN72I2rP-' failed: Error in connection establishment: net::ERR_CONNECTION_REFUSED @ http://localhost:3000/_next/static/chunks/node_modules_next_dist_client_17643121._.js:10878
[   20421ms] [ERROR] WebSocket connection to 'ws://localhost:3000/_next/webpack-hmr?id=EGUwPL1JAa9VyN72I2rP-' failed: Error in connection establishment: net::ERR_CONNECTION_REFUSED @ http://localhost:3000/_next/static/chunks/node_modules_next_dist_client_17643121._.js:10878
[   25434ms] [ERROR] WebSocket connection to 'ws://localhost:3000/_next/webpack-hmr?id=EGUwPL1JAa9VyN72I2rP-' failed: Error in connection establishment: net::ERR_CONNECTION_REFUSED @ http://localhost:3000/_next/static/chunks/node_modules_next_dist_client_17643121._.js:10878
[   28124ms] [ERROR] Failed to load resource: net::ERR_CONNECTION_REFUSED @ http://localhost:3000/images/gallery-1.jpg:0
[   28124ms] [ERROR] Failed to load resource: net::ERR_CONNECTION_REFUSED @ http://localhost:3000/images/gallery-2.jpg:0
[   28124ms] [ERROR] Failed to load resource: net::ERR_CONNECTION_REFUSED @ http://localhost:3000/images/gallery-3.jpg:0
[   30447ms] [ERROR] WebSocket connection to 'ws://localhost:3000/_next/webpack-hmr?id=EGUwPL1JAa9VyN72I2rP-' failed: Error in connection establishment: net::ERR_CONNECTION_REFUSED @ http://localhost:3000/_next/static/chunks/node_modules_next_dist_client_17643121._.js:10878
[   32606ms] [ERROR] Failed to load resource: net::ERR_CONNECTION_REFUSED @ http://localhost:3000/images/gallery-4.jpg:0
[   32606ms] [ERROR] Failed to load resource: net::ERR_CONNECTION_REFUSED @ http://localhost:3000/images/gallery-5.jpg:0
[   35568ms] [ERROR] WebSocket connection to 'ws://localhost:3000/_next/webpack-hmr?id=EGUwPL1JAa9VyN72I2rP-' failed: Error in connection establishment: net::ERR_CONNECTION_REFUSED @ http://localhost:3000/_next/static/chunks/node_modules_next_dist_client_17643121._.js:10878
[   40605ms] [ERROR] WebSocket connection to 'ws://localhost:3000/_next/webpack-hmr?id=EGUwPL1JAa9VyN72I2rP-' failed: Error in connection establishment: net::ERR_CONNECTION_REFUSED @ http://localhost:3000/_next/static/chunks/node_modules_next_dist_client_17643121._.js:10878
[   45755ms] [ERROR] WebSocket connection to 'ws://localhost:3000/_next/webpack-hmr?id=EGUwPL1JAa9VyN72I2rP-' failed: Error in connection establishment: net::ERR_CONNECTION_REFUSED @ http://localhost:3000/_next/static/chunks/node_modules_next_dist_client_17643121._.js:10878
[   50888ms] [ERROR] WebSocket connection to 'ws://localhost:3000/_next/webpack-hmr?id=EGUwPL1JAa9VyN72I2rP-' failed: Error in connection establishment: net::ERR_CONNECTION_REFUSED @ http://localhost:3000/_next/static/chunks/node_modules_next_dist_client_17643121._.js:10878
